{"C:\\Users\\garyt\\source\\repos\\SolarCoffee\\solarcoffee.frontend\\src\\components\\SideMenu.vue": {"path":"C:\\Users\\garyt\\source\\repos\\SolarCoffee\\solarcoffee.frontend\\src\\components\\SideMenu.vue","statementMap":{"0":{"start":{"line":31,"column":0},"end":{"line":31,"column":null}},"1":{"start":{"line":32,"column":0},"end":{"line":32,"column":null}},"2":{"start":{"line":39,"column":0},"end":{"line":39,"column":null}},"3":{"start":{"line":41,"column":0},"end":{"line":41,"column":null}},"4":{"start":{"line":39,"column":0},"end":{"line":35,"column":null}}},"fnMap":{"0":{"name":"(anonymous_1)","decl":{"start":{"line":40,"column":0},"end":{"line":40,"column":null}},"loc":{"start":{"line":40,"column":0},"end":{"line":42,"column":null}}}},"branchMap":{},"s":{"0":1,"1":1,"2":1,"3":0,"4":1},"f":{"0":0},"b":{}}
,"C:\\Users\\garyt\\source\\repos\\SolarCoffee\\solarcoffee.frontend\\src\\components\\SolarButton.vue": {"path":"C:\\Users\\garyt\\source\\repos\\SolarCoffee\\solarcoffee.frontend\\src\\components\\SolarButton.vue","statementMap":{"0":{"start":{"line":13,"column":0},"end":{"line":13,"column":null}},"1":{"start":{"line":14,"column":0},"end":{"line":14,"column":null}},"2":{"start":{"line":15,"column":0},"end":{"line":15,"column":null}},"3":{"start":{"line":21,"column":0},"end":{"line":21,"column":null}},"4":{"start":{"line":30,"column":0},"end":{"line":30,"column":null}},"5":{"start":{"line":24,"column":0},"end":{"line":23,"column":null}},"6":{"start":{"line":27,"column":0},"end":{"line":26,"column":null}},"7":{"start":{"line":21,"column":0},"end":{"line":17,"column":null}}},"fnMap":{"0":{"name":"(anonymous_1)","decl":{"start":{"line":29,"column":0},"end":{"line":29,"column":null}},"loc":{"start":{"line":29,"column":0},"end":{"line":31,"column":null}}}},"branchMap":{},"s":{"0":2,"1":2,"2":2,"3":2,"4":0,"5":2,"6":2,"7":2},"f":{"0":0},"b":{}}
}
